5040	g	[0][1]	9	0.000000
5040	p	[0][1]	9	2017.745304
5040	c	[0][1]	9	935.805060
5040	t	[0][1]	9	2955.679388
5040	g	[0][2]	9	0.000000
5040	p	[0][2]	9	1866.027864
5040	c	[0][2]	9	1047.367057
5040	t	[0][2]	9	2955.732318
5040	g	[1][0]	9	0.000000
5040	p	[1][0]	9	2786.548499
5040	c	[1][0]	9	190.869316
5040	t	[1][0]	9	2979.791968
5040	g	[1][1]	9	0.000000
5040	p	[1][1]	9	2168.754898
5040	c	[1][1]	9	798.510723
5040	t	[1][1]	9	2979.909316
5040	g	[1][2]	9	0.000000
5040	p	[1][2]	9	2529.078554
5040	c	[1][2]	9	362.906051
5040	t	[1][2]	9	2980.020118
5040	g	[2][0]	9	0.000000
5040	p	[2][0]	9	2230.453066
5040	c	[2][0]	9	673.615867
5040	t	[2][0]	9	2980.147242
5040	g	[2][1]	9	0.000000
5040	p	[2][1]	9	2275.933547
5040	c	[2][1]	9	751.797292
5040	t	[2][1]	9	3030.527562
5040	g	[2][2]	9	0.000000
5040	p	[2][2]	9	2307.179030
5040	c	[2][2]	9	701.037885
5040	t	[2][2]	9	3030.636312
5040	g	[0][0]	9	1.811872
5040	p	[0][0]	9	1707.303293
5040	c	[0][0]	9	1174.215278
5040	t	[0][0]	9	3552.826594
