2520	g	[0][1]	9	0.000000
2520	p	[0][1]	9	233.456886
2520	c	[0][1]	9	120.920464
2520	t	[0][1]	9	354.992217
2520	g	[0][2]	9	0.000000
2520	p	[0][2]	9	221.404016
2520	c	[0][2]	9	127.838935
2520	t	[0][2]	9	355.004421
2520	g	[1][0]	9	0.000000
2520	p	[1][0]	9	234.191756
2520	c	[1][0]	9	119.813871
2520	t	[1][0]	9	355.038496
2520	g	[1][1]	9	0.000000
2520	p	[1][1]	9	237.064469
2520	c	[1][1]	9	116.881916
2520	t	[1][1]	9	355.068322
2520	g	[1][2]	9	0.000000
2520	p	[1][2]	9	210.902442
2520	c	[1][2]	9	138.303980
2520	t	[1][2]	9	355.096335
2520	g	[2][0]	9	0.000000
2520	p	[2][0]	9	333.652058
2520	c	[2][0]	9	27.631932
2520	t	[2][0]	9	361.986660
2520	g	[2][1]	9	0.000000
2520	p	[2][1]	9	339.080796
2520	c	[2][1]	9	20.485589
2520	t	[2][1]	9	362.017568
2520	g	[2][2]	9	0.000000
2520	p	[2][2]	9	344.992032
2520	c	[2][2]	9	14.419659
2520	t	[2][2]	9	362.044362
2520	g	[0][0]	9	0.454273
2520	p	[0][0]	9	239.626020
2520	c	[0][0]	9	114.611815
2520	t	[0][0]	9	427.632342
