5040	g	[0][1]	9	0.000000
5040	p	[0][1]	9	2327.742699
5040	c	[0][1]	9	365.910478
5040	t	[0][1]	9	2695.816432
5040	g	[0][2]	9	0.000000
5040	p	[0][2]	9	2048.201674
5040	c	[0][2]	9	634.872988
5040	t	[0][2]	9	2695.866727
5040	g	[1][0]	9	0.000000
5040	p	[1][0]	9	1957.069053
5040	c	[1][0]	9	702.037092
5040	t	[1][0]	9	2695.994846
5040	g	[1][1]	9	0.000000
5040	p	[1][1]	9	2327.869024
5040	c	[1][1]	9	365.666862
5040	t	[1][1]	9	2696.110630
5040	g	[1][2]	9	0.000000
5040	p	[1][2]	9	2175.312288
5040	c	[1][2]	9	519.437577
5040	t	[1][2]	9	2697.342753
5040	g	[2][0]	9	0.000000
5040	p	[2][0]	9	2242.341201
5040	c	[2][0]	9	431.292354
5040	t	[2][0]	9	2697.473967
5040	g	[2][1]	9	0.000000
5040	p	[2][1]	9	2410.474218
5040	c	[2][1]	9	283.717692
5040	t	[2][1]	9	2697.591393
5040	g	[2][2]	9	0.000000
5040	p	[2][2]	9	2270.379323
5040	c	[2][2]	9	462.437694
5040	t	[2][2]	9	2735.749038
5040	g	[0][0]	9	1.815541
5040	p	[0][0]	9	2187.711740
5040	c	[0][0]	9	434.400826
5040	t	[0][0]	9	3256.557690
