5040	g	[0][1]	9	0.000000
5040	p	[0][1]	9	1052.459771
5040	c	[0][1]	9	2094.324206
5040	t	[0][1]	9	3195.157847
5040	g	[0][2]	9	0.000000
5040	p	[0][2]	9	1076.402424
5040	c	[0][2]	9	2124.775077
5040	t	[0][2]	9	3203.301637
5040	g	[1][0]	9	0.000000
5040	p	[1][0]	9	3516.183440
5040	c	[1][0]	9	77.068419
5040	t	[1][0]	9	3595.853347
5040	g	[1][1]	9	0.000000
5040	p	[1][1]	9	3296.516813
5040	c	[1][1]	9	172.951145
5040	t	[1][1]	9	3596.018725
5040	g	[1][2]	9	0.000000
5040	p	[1][2]	9	3325.072903
5040	c	[1][2]	9	280.283343
5040	t	[1][2]	9	3609.633578
5040	g	[2][0]	9	0.000000
5040	p	[2][0]	9	1580.644386
5040	c	[2][0]	9	1714.566615
5040	t	[2][0]	9	3609.796008
5040	g	[2][1]	9	0.000000
5040	p	[2][1]	9	1365.467750
5040	c	[2][1]	9	1905.817477
5040	t	[2][1]	9	3609.948190
5040	g	[2][2]	9	0.000000
5040	p	[2][2]	9	1422.674183
5040	c	[2][2]	9	1781.321832
5040	t	[2][2]	9	3610.093599
5040	g	[0][0]	9	1.810501
5040	p	[0][0]	9	1050.943970
5040	c	[0][0]	9	2139.893770
5040	t	[0][0]	9	4131.300794
