2520	g	[0][1]	9	0.000000
2520	p	[0][1]	9	178.830054
2520	c	[0][1]	9	13.306175
2520	t	[0][1]	9	194.423768
2520	g	[0][2]	9	0.000000
2520	p	[0][2]	9	172.760909
2520	c	[0][2]	9	21.381015
2520	t	[0][2]	9	194.697269
2520	g	[1][0]	9	0.000000
2520	p	[1][0]	9	139.944358
2520	c	[1][0]	9	44.596876
2520	t	[1][0]	9	194.732815
2520	g	[1][1]	9	0.000000
2520	p	[1][1]	9	144.569080
2520	c	[1][1]	9	44.704991
2520	t	[1][1]	9	194.767177
2520	g	[1][2]	9	0.000000
2520	p	[1][2]	9	135.731449
2520	c	[1][2]	9	53.444090
2520	t	[1][2]	9	194.797515
2520	g	[2][0]	9	0.000000
2520	p	[2][0]	9	187.900015
2520	c	[2][0]	9	5.156579
2520	t	[2][0]	9	194.835200
2520	g	[2][1]	9	0.000000
2520	p	[2][1]	9	185.505947
2520	c	[2][1]	9	6.318960
2520	t	[2][1]	9	194.868044
2520	g	[2][2]	9	0.000000
2520	p	[2][2]	9	184.305141
2520	c	[2][2]	9	8.854421
2520	t	[2][2]	9	194.897192
2520	g	[0][0]	9	0.456043
2520	p	[0][0]	9	181.830772
2520	c	[0][0]	9	11.847005
2520	t	[0][0]	9	261.022253
