5040	g	[0][1]	9	0.000000
5040	p	[0][1]	9	3056.302166
5040	c	[0][1]	9	967.328043
5040	t	[0][1]	9	4114.647174
5040	g	[0][2]	9	0.000000
5040	p	[0][2]	9	3535.124949
5040	c	[0][2]	9	559.155529
5040	t	[0][2]	9	4114.697155
5040	g	[1][0]	9	0.000000
5040	p	[1][0]	9	3334.711156
5040	c	[1][0]	9	709.497761
5040	t	[1][0]	9	4114.824147
5040	g	[1][1]	9	0.000000
5040	p	[1][1]	9	3118.059218
5040	c	[1][1]	9	1001.529109
5040	t	[1][1]	9	4122.349728
5040	g	[1][2]	9	0.000000
5040	p	[1][2]	9	3253.343926
5040	c	[1][2]	9	844.330770
5040	t	[1][2]	9	4122.457900
5040	g	[2][0]	9	0.000000
5040	p	[2][0]	9	3645.896052
5040	c	[2][0]	9	480.099196
5040	t	[2][0]	9	4128.967706
5040	g	[2][1]	9	0.000000
5040	p	[2][1]	9	3425.044575
5040	c	[2][1]	9	613.489280
5040	t	[2][1]	9	4129.085828
5040	g	[2][2]	9	0.000000
5040	p	[2][2]	9	3137.962820
5040	c	[2][2]	9	969.522136
5040	t	[2][2]	9	4129.194117
5040	g	[0][0]	9	1.977894
5040	p	[0][0]	9	3349.906907
5040	c	[0][0]	9	761.551481
5040	t	[0][0]	9	4651.619916
