5040	g	[0][1]	9	0.000000
5040	p	[0][1]	9	531.690159
5040	c	[0][1]	9	813.564010
5040	t	[0][1]	9	1364.854249
5040	g	[0][2]	9	0.000000
5040	p	[0][2]	9	381.577728
5040	c	[0][2]	9	886.935103
5040	t	[0][2]	9	1364.902194
5040	g	[1][0]	9	0.000000
5040	p	[1][0]	9	763.319063
5040	c	[1][0]	9	588.817805
5040	t	[1][0]	9	1365.033130
5040	g	[1][1]	9	0.000000
5040	p	[1][1]	9	661.210779
5040	c	[1][1]	9	728.477270
5040	t	[1][1]	9	1392.071038
5040	g	[1][2]	9	0.000000
5040	p	[1][2]	9	838.069223
5040	c	[1][2]	9	567.027853
5040	t	[1][2]	9	1407.576339
5040	g	[2][0]	9	0.000000
5040	p	[2][0]	9	1656.880628
5040	c	[2][0]	9	78.280519
5040	t	[2][0]	9	1737.946717
5040	g	[2][1]	9	0.000000
5040	p	[2][1]	9	1600.622883
5040	c	[2][1]	9	145.554965
5040	t	[2][1]	9	1749.024597
5040	g	[2][2]	9	0.000000
5040	p	[2][2]	9	1729.483659
5040	c	[2][2]	9	3.168889
5040	t	[2][2]	9	1749.175321
5040	g	[0][0]	9	1.807351
5040	p	[0][0]	9	637.246923
5040	c	[0][0]	9	724.652370
5040	t	[0][0]	9	2271.467956
