2520	g	[0][1]	9	0.000000
2520	p	[0][1]	9	167.102582
2520	c	[0][1]	9	297.508725
2520	t	[0][1]	9	465.616813
2520	g	[0][2]	9	0.000000
2520	p	[0][2]	9	175.461900
2520	c	[0][2]	9	284.554543
2520	t	[0][2]	9	465.630296
2520	g	[1][0]	9	0.000000
2520	p	[1][0]	9	224.714345
2520	c	[1][0]	9	242.267243
2520	t	[1][0]	9	467.593133
2520	g	[1][1]	9	0.000000
2520	p	[1][1]	9	234.398081
2520	c	[1][1]	9	234.565475
2520	t	[1][1]	9	469.589063
2520	g	[1][2]	9	0.000000
2520	p	[1][2]	9	232.763182
2520	c	[1][2]	9	236.042445
2520	t	[1][2]	9	469.615641
2520	g	[2][0]	9	0.000000
2520	p	[2][0]	9	474.236325
2520	c	[2][0]	9	11.257627
2520	t	[2][0]	9	486.305297
2520	g	[2][1]	9	0.000000
2520	p	[2][1]	9	470.864113
2520	c	[2][1]	9	16.178244
2520	t	[2][1]	9	487.810804
2520	g	[2][2]	9	0.000000
2520	p	[2][2]	9	470.576726
2520	c	[2][2]	9	15.886012
2520	t	[2][2]	9	487.855327
2520	g	[0][0]	9	0.455214
2520	p	[0][0]	9	187.046976
2520	c	[0][0]	9	277.752647
2520	t	[0][0]	9	553.365181
