2520	g	[0][1]	9	0.000000
2520	p	[0][1]	9	92.630956
2520	c	[0][1]	9	42.856237
2520	t	[0][1]	9	136.011448
2520	g	[0][2]	9	0.000000
2520	p	[0][2]	9	90.415088
2520	c	[0][2]	9	45.092698
2520	t	[0][2]	9	136.047042
2520	g	[1][0]	9	0.000000
2520	p	[1][0]	9	134.800051
2520	c	[1][0]	9	4.585704
2520	t	[1][0]	9	139.995227
2520	g	[1][1]	9	0.000000
2520	p	[1][1]	9	132.189397
2520	c	[1][1]	9	6.387680
2520	t	[1][1]	9	140.037361
2520	g	[1][2]	9	0.000000
2520	p	[1][2]	9	123.646031
2520	c	[1][2]	9	15.987983
2520	t	[1][2]	9	140.314354
2520	g	[2][0]	9	0.000000
2520	p	[2][0]	9	136.718400
2520	c	[2][0]	9	3.504645
2520	t	[2][0]	9	140.957023
2520	g	[2][1]	9	0.000000
2520	p	[2][1]	9	132.799733
2520	c	[2][1]	9	5.541705
2520	t	[2][1]	9	140.998738
2520	g	[2][2]	9	0.000000
2520	p	[2][2]	9	126.373988
2520	c	[2][2]	9	14.510571
2520	t	[2][2]	9	141.734543
2520	g	[0][0]	9	0.459102
2520	p	[0][0]	9	91.276286
2520	c	[0][0]	9	39.289579
2520	t	[0][0]	9	207.059183
