5040	g	[0][1]	9	0.000000
5040	p	[0][1]	9	2823.627689
5040	c	[0][1]	9	620.074273
5040	t	[0][1]	9	3445.888030
5040	g	[0][2]	9	0.000000
5040	p	[0][2]	9	2869.099853
5040	c	[0][2]	9	556.277782
5040	t	[0][2]	9	3445.936839
5040	g	[1][0]	9	0.000000
5040	p	[1][0]	9	3021.805364
5040	c	[1][0]	9	408.270095
5040	t	[1][0]	9	3446.056567
5040	g	[1][1]	9	0.000000
5040	p	[1][1]	9	2566.459509
5040	c	[1][1]	9	770.833165
5040	t	[1][1]	9	3446.174442
5040	g	[1][2]	9	0.000000
5040	p	[1][2]	9	2547.988156
5040	c	[1][2]	9	864.775199
5040	t	[1][2]	9	3446.282743
5040	g	[2][0]	9	0.000000
5040	p	[2][0]	9	2727.493167
5040	c	[2][0]	9	750.570858
5040	t	[2][0]	9	3480.830658
5040	g	[2][1]	9	0.000000
5040	p	[2][1]	9	2886.462036
5040	c	[2][1]	9	530.148671
5040	t	[2][1]	9	3480.949181
5040	g	[2][2]	9	0.000000
5040	p	[2][2]	9	2955.651093
5040	c	[2][2]	9	466.678718
5040	t	[2][2]	9	3481.056898
5040	g	[0][0]	9	1.810544
5040	p	[0][0]	9	2409.143539
5040	c	[0][0]	9	964.500091
5040	t	[0][0]	9	4002.736779
