2520	g	[0][1]	9	0.000000
2520	p	[0][1]	9	61.340530
2520	c	[0][1]	9	5.054640
2520	t	[0][1]	9	67.398702
2520	g	[0][2]	9	0.000000
2520	p	[0][2]	9	61.630031
2520	c	[0][2]	9	4.946353
2520	t	[0][2]	9	67.410841
2520	g	[1][0]	9	0.000000
2520	p	[1][0]	9	58.594859
2520	c	[1][0]	9	2.900674
2520	t	[1][0]	9	67.445465
2520	g	[1][1]	9	0.000000
2520	p	[1][1]	9	64.564590
2520	c	[1][1]	9	5.584207
2520	t	[1][1]	9	70.744551
2520	g	[1][2]	9	0.000000
2520	p	[1][2]	9	65.934786
2520	c	[1][2]	9	4.140157
2520	t	[1][2]	9	70.773650
2520	g	[2][0]	9	0.000000
2520	p	[2][0]	9	53.442590
2520	c	[2][0]	9	12.458148
2520	t	[2][0]	9	70.808036
2520	g	[2][1]	9	0.000000
2520	p	[2][1]	9	48.981998
2520	c	[2][1]	9	16.246028
2520	t	[2][1]	9	70.838438
2520	g	[2][2]	9	0.000000
2520	p	[2][2]	9	41.952401
2520	c	[2][2]	9	18.127030
2520	t	[2][2]	9	70.867016
2520	g	[0][0]	9	0.453592
2520	p	[0][0]	9	60.420433
2520	c	[0][0]	9	6.261926
2520	t	[0][0]	9	136.431134
