2520	g	[0][1]	9	0.000000
2520	p	[0][1]	9	319.631458
2520	c	[0][1]	9	513.155140
2520	t	[0][1]	9	833.354433
2520	g	[0][2]	9	0.000000
2520	p	[0][2]	9	303.942556
2520	c	[0][2]	9	528.984810
2520	t	[0][2]	9	833.509368
2520	g	[1][0]	9	0.000000
2520	p	[1][0]	9	416.656299
2520	c	[1][0]	9	422.631399
2520	t	[1][0]	9	839.924175
2520	g	[1][1]	9	0.000000
2520	p	[1][1]	9	452.166065
2520	c	[1][1]	9	385.220254
2520	t	[1][1]	9	839.954132
2520	g	[1][2]	9	0.000000
2520	p	[1][2]	9	432.211772
2520	c	[1][2]	9	404.538443
2520	t	[1][2]	9	839.982422
2520	g	[2][0]	9	0.000000
2520	p	[2][0]	9	845.415265
2520	c	[2][0]	9	9.511417
2520	t	[2][0]	9	855.768120
2520	g	[2][1]	9	0.000000
2520	p	[2][1]	9	821.166251
2520	c	[2][1]	9	34.449386
2520	t	[2][1]	9	856.415074
2520	g	[2][2]	9	0.000000
2520	p	[2][2]	9	829.368758
2520	c	[2][2]	9	25.131566
2520	t	[2][2]	9	856.457078
2520	g	[0][0]	9	0.454315
2520	p	[0][0]	9	310.446957
2520	c	[0][0]	9	517.031458
2520	t	[0][0]	9	921.812531
