2520	g	[0][1]	9	0.000000
2520	p	[0][1]	9	273.740198
2520	c	[0][1]	9	448.517795
2520	t	[0][1]	9	722.822184
2520	g	[0][2]	9	0.000000
2520	p	[0][2]	9	269.096314
2520	c	[0][2]	9	454.065526
2520	t	[0][2]	9	723.739691
2520	g	[1][0]	9	0.000000
2520	p	[1][0]	9	355.474968
2520	c	[1][0]	9	371.163272
2520	t	[1][0]	9	727.274304
2520	g	[1][1]	9	0.000000
2520	p	[1][1]	9	461.836324
2520	c	[1][1]	9	267.187813
2520	t	[1][1]	9	729.676685
2520	g	[1][2]	9	0.000000
2520	p	[1][2]	9	440.182222
2520	c	[1][2]	9	286.784028
2520	t	[1][2]	9	729.705947
2520	g	[2][0]	9	0.000000
2520	p	[2][0]	9	729.597037
2520	c	[2][0]	9	16.608916
2520	t	[2][0]	9	747.142353
2520	g	[2][1]	9	0.000000
2520	p	[2][1]	9	717.138366
2520	c	[2][1]	9	29.321078
2520	t	[2][1]	9	747.347379
2520	g	[2][2]	9	0.000000
2520	p	[2][2]	9	718.485811
2520	c	[2][2]	9	28.093523
2520	t	[2][2]	9	747.429723
2520	g	[0][0]	9	0.457321
2520	p	[0][0]	9	265.576341
2520	c	[0][0]	9	452.631675
2520	t	[0][0]	9	812.713180
