5040	g	[0][1]	9	0.000000
5040	p	[0][1]	9	3506.342985
5040	c	[0][1]	9	1157.607002
5040	t	[0][1]	9	4669.383037
5040	g	[0][2]	9	0.000000
5040	p	[0][2]	9	3398.144289
5040	c	[0][2]	9	1207.035694
5040	t	[0][2]	9	4669.431513
5040	g	[1][0]	9	0.000000
5040	p	[1][0]	9	3964.824219
5040	c	[1][0]	9	708.120235
5040	t	[1][0]	9	4675.473987
5040	g	[1][1]	9	0.000000
5040	p	[1][1]	9	4150.530366
5040	c	[1][1]	9	452.971947
5040	t	[1][1]	9	4675.592230
5040	g	[1][2]	9	0.000000
5040	p	[1][2]	9	3792.251594
5040	c	[1][2]	9	880.742562
5040	t	[1][2]	9	4675.732199
5040	g	[2][0]	9	0.000000
5040	p	[2][0]	9	4156.588722
5040	c	[2][0]	9	438.466054
5040	t	[2][0]	9	4675.865155
5040	g	[2][1]	9	0.000000
5040	p	[2][1]	9	3425.107110
5040	c	[2][1]	9	1251.779255
5040	t	[2][1]	9	4679.854251
5040	g	[2][2]	9	0.000000
5040	p	[2][2]	9	3943.090487
5040	c	[2][2]	9	726.724205
5040	t	[2][2]	9	4679.962269
5040	g	[0][0]	9	1.815512
5040	p	[0][0]	9	4146.215848
5040	c	[0][0]	9	520.115105
5040	t	[0][0]	9	5199.552790
